# JRE version: OpenJDK Runtime Environment (8.0_152-b02) (build 1.8.0_152-release-1024-b02)
# Java VM: OpenJDK 64-Bit Server VM (25.152-b02 mixed mode windows-amd64 compressed oops)
Heap:
 PSYoungGen      total 224768K, used 183054K [0x00000000e0000000, 0x00000000ef600000, 0x0000000100000000)
  eden space 200704K, 81% used [0x00000000e0000000,0x00000000ea056f20,0x00000000ec400000)
  from space 24064K, 78% used [0x00000000ec400000,0x00000000ed66cbb8,0x00000000edb80000)
  to   space 23040K, 0% used [0x00000000edb80000,0x00000000edb80000,0x00000000ef200000)
 ParOldGen       total 141824K, used 32531K [0x00000000a0000000, 0x00000000a8a80000, 0x00000000e0000000)
  object space 141824K, 22% used [0x00000000a0000000,0x00000000a1fc4e50,0x00000000a8a80000)
 Metaspace       used 72340K, capacity 75186K, committed 75392K, reserved 1114112K
  class space    used 9621K, capacity 10246K, committed 10368K, reserved 1048576K
GC Heap History (10 events):
Event: 43.589 GC heap before
{Heap before GC invocations=12 (full 2):
 PSYoungGen      total 147456K, used 74409K [0x00000000e0000000, 0x00000000ec980000, 0x0000000100000000)
  eden space 132608K, 44% used [0x00000000e0000000,0x00000000e3a2aee8,0x00000000e8180000)
  from space 14848K, 99% used [0x00000000e8180000,0x00000000e8fff520,0x00000000e9000000)
  to   space 19456K, 0% used [0x00000000eb680000,0x00000000eb680000,0x00000000ec980000)
 ParOldGen       total 100352K, used 26864K [0x00000000a0000000, 0x00000000a6200000, 0x00000000e0000000)
  object space 100352K, 26% used [0x00000000a0000000,0x00000000a1a3c088,0x00000000a6200000)
 Metaspace       used 57120K, capacity 58872K, committed 59008K, reserved 1099776K
  class space    used 7791K, capacity 8211K, committed 8320K, reserved 1048576K
Event: 43.661 GC heap after
Heap after GC invocations=12 (full 2):
 PSYoungGen      total 183296K, used 18286K [0x00000000e0000000, 0x00000000eca00000, 0x0000000100000000)
  eden space 163840K, 0% used [0x00000000e0000000,0x00000000e0000000,0x00000000ea000000)
  from space 19456K, 93% used [0x00000000eb680000,0x00000000ec85b840,0x00000000ec980000)
  to   space 21504K, 0% used [0x00000000ea000000,0x00000000ea000000,0x00000000eb500000)
 ParOldGen       total 100352K, used 26872K [0x00000000a0000000, 0x00000000a6200000, 0x00000000e0000000)
  object space 100352K, 26% used [0x00000000a0000000,0x00000000a1a3e088,0x00000000a6200000)
 Metaspace       used 57120K, capacity 58872K, committed 59008K, reserved 1099776K
  class space    used 7791K, capacity 8211K, committed 8320K, reserved 1048576K
}
Event: 43.661 GC heap before
{Heap before GC invocations=13 (full 3):
 PSYoungGen      total 183296K, used 18286K [0x00000000e0000000, 0x00000000eca00000, 0x0000000100000000)
  eden space 163840K, 0% used [0x00000000e0000000,0x00000000e0000000,0x00000000ea000000)
  from space 19456K, 93% used [0x00000000eb680000,0x00000000ec85b840,0x00000000ec980000)
  to   space 21504K, 0% used [0x00000000ea000000,0x00000000ea000000,0x00000000eb500000)
 ParOldGen       total 100352K, used 26872K [0x00000000a0000000, 0x00000000a6200000, 0x00000000e0000000)
  object space 100352K, 26% used [0x00000000a0000000,0x00000000a1a3e088,0x00000000a6200000)
 Metaspace       used 57120K, capacity 58872K, committed 59008K, reserved 1099776K
  class space    used 7791K, capacity 8211K, committed 8320K, reserved 1048576K
Event: 43.969 GC heap after
Heap after GC invocations=13 (full 3):
 PSYoungGen      total 183296K, used 0K [0x00000000e0000000, 0x00000000eca00000, 0x0000000100000000)
  eden space 163840K, 0% used [0x00000000e0000000,0x00000000e0000000,0x00000000ea000000)
  from space 19456K, 0% used [0x00000000eb680000,0x00000000eb680000,0x00000000ec980000)
  to   space 21504K, 0% used [0x00000000ea000000,0x00000000ea000000,0x00000000eb500000)
 ParOldGen       total 141824K, used 32515K [0x00000000a0000000, 0x00000000a8a80000, 0x00000000e0000000)
  object space 141824K, 22% used [0x00000000a0000000,0x00000000a1fc0e50,0x00000000a8a80000)
 Metaspace       used 57120K, capacity 58872K, committed 59008K, reserved 1099776K
  class space    used 7791K, capacity 8211K, committed 8320K, reserved 1048576K
}
Event: 55.018 GC heap before
{Heap before GC invocations=14 (full 3):
 PSYoungGen      total 183296K, used 163840K [0x00000000e0000000, 0x00000000eca00000, 0x0000000100000000)
  eden space 163840K, 100% used [0x00000000e0000000,0x00000000ea000000,0x00000000ea000000)
  from space 19456K, 0% used [0x00000000eb680000,0x00000000eb680000,0x00000000ec980000)
  to   space 21504K, 0% used [0x00000000ea000000,0x00000000ea000000,0x00000000eb500000)
 ParOldGen       total 141824K, used 32515K [0x00000000a0000000, 0x00000000a8a80000, 0x00000000e0000000)
  object space 141824K, 22% used [0x00000000a0000000,0x00000000a1fc0e50,0x00000000a8a80000)
 Metaspace       used 61812K, capacity 63562K, committed 63872K, reserved 1103872K
  class space    used 8267K, capacity 8726K, committed 8832K, reserved 1048576K
Event: 55.074 GC heap after
Heap after GC invocations=14 (full 3):
 PSYoungGen      total 185344K, used 16663K [0x00000000e0000000, 0x00000000ef200000, 0x0000000100000000)
  eden space 163840K, 0% used [0x00000000e0000000,0x00000000e0000000,0x00000000ea000000)
  from space 21504K, 77% used [0x00000000ea000000,0x00000000eb045e68,0x00000000eb500000)
  to   space 23040K, 0% used [0x00000000edb80000,0x00000000edb80000,0x00000000ef200000)
 ParOldGen       total 141824K, used 32523K [0x00000000a0000000, 0x00000000a8a80000, 0x00000000e0000000)
  object space 141824K, 22% used [0x00000000a0000000,0x00000000a1fc2e50,0x00000000a8a80000)
 Metaspace       used 61812K, capacity 63562K, committed 63872K, reserved 1103872K
  class space    used 8267K, capacity 8726K, committed 8832K, reserved 1048576K
}
Event: 57.163 GC heap before
{Heap before GC invocations=15 (full 3):
 PSYoungGen      total 185344K, used 179535K [0x00000000e0000000, 0x00000000ef200000, 0x0000000100000000)
  eden space 163840K, 99% used [0x00000000e0000000,0x00000000e9f0dea0,0x00000000ea000000)
  from space 21504K, 77% used [0x00000000ea000000,0x00000000eb045e68,0x00000000eb500000)
  to   space 23040K, 0% used [0x00000000edb80000,0x00000000edb80000,0x00000000ef200000)
 ParOldGen       total 141824K, used 32523K [0x00000000a0000000, 0x00000000a8a80000, 0x00000000e0000000)
  object space 141824K, 22% used [0x00000000a0000000,0x00000000a1fc2e50,0x00000000a8a80000)
 Metaspace       used 62918K, capacity 64856K, committed 65024K, reserved 1105920K
  class space    used 8427K, capacity 8895K, committed 8960K, reserved 1048576K
Event: 57.192 GC heap after
Heap after GC invocations=15 (full 3):
 PSYoungGen      total 223744K, used 17716K [0x00000000e0000000, 0x00000000ef600000, 0x0000000100000000)
  eden space 200704K, 0% used [0x00000000e0000000,0x00000000e0000000,0x00000000ec400000)
  from space 23040K, 76% used [0x00000000edb80000,0x00000000eeccd048,0x00000000ef200000)
  to   space 24064K, 0% used [0x00000000ec400000,0x00000000ec400000,0x00000000edb80000)
 ParOldGen       total 141824K, used 32531K [0x00000000a0000000, 0x00000000a8a80000, 0x00000000e0000000)
  object space 141824K, 22% used [0x00000000a0000000,0x00000000a1fc4e50,0x00000000a8a80000)
 Metaspace       used 62918K, capacity 64856K, committed 65024K, reserved 1105920K
  class space    used 8427K, capacity 8895K, committed 8960K, reserved 1048576K
}
Event: 62.221 GC heap before
{Heap before GC invocations=16 (full 3):
 PSYoungGen      total 223744K, used 218420K [0x00000000e0000000, 0x00000000ef600000, 0x0000000100000000)
  eden space 200704K, 100% used [0x00000000e0000000,0x00000000ec400000,0x00000000ec400000)
  from space 23040K, 76% used [0x00000000edb80000,0x00000000eeccd048,0x00000000ef200000)
  to   space 24064K, 0% used [0x00000000ec400000,0x00000000ec400000,0x00000000edb80000)
 ParOldGen       total 141824K, used 32531K [0x00000000a0000000, 0x00000000a8a80000, 0x00000000e0000000)
  object space 141824K, 22% used [0x00000000a0000000,0x00000000a1fc4e50,0x00000000a8a80000)
 Metaspace       used 63715K, capacity 65834K, committed 65920K, reserved 1105920K
  class space    used 8545K, capacity 9068K, committed 9088K, reserved 1048576K
Event: 62.264 GC heap after
Heap after GC invocations=16 (full 3):
 PSYoungGen      total 224768K, used 18866K [0x00000000e0000000, 0x00000000ef600000, 0x0000000100000000)
  eden space 200704K, 0% used [0x00000000e0000000,0x00000000e0000000,0x00000000ec400000)
  from space 24064K, 78% used [0x00000000ec400000,0x00000000ed66cbb8,0x00000000edb80000)
  to   space 23040K, 0% used [0x00000000edb80000,0x00000000edb80000,0x00000000ef200000)
 ParOldGen       total 141824K, used 32531K [0x00000000a0000000, 0x00000000a8a80000, 0x00000000e0000000)
  object space 141824K, 22% used [0x00000000a0000000,0x00000000a1fc4e50,0x00000000a8a80000)
 Metaspace       used 63715K, capacity 65834K, committed 65920K, reserved 1105920K
  class space    used 8545K, capacity 9068K, committed 9088K, reserved 1048576K
}

