# JRE version: OpenJDK Runtime Environment (8.0_152-b02) (build 1.8.0_152-release-1024-b02)
# Java VM: OpenJDK 64-Bit Server VM (25.152-b02 mixed mode windows-amd64 compressed oops)
Heap:
 PSYoungGen      total 175104K, used 30466K [0x00000000e0000000, 0x00000000eeb00000, 0x0000000100000000)
  eden space 157184K, 19% used [0x00000000e0000000,0x00000000e1dc0a38,0x00000000e9980000)
  from space 17920K, 0% used [0x00000000e9980000,0x00000000e9980000,0x00000000eab00000)
  to   space 17408K, 0% used [0x00000000eda00000,0x00000000eda00000,0x00000000eeb00000)
 ParOldGen       total 119808K, used 35908K [0x00000000a0000000, 0x00000000a7500000, 0x00000000e0000000)
  object space 119808K, 29% used [0x00000000a0000000,0x00000000a23112d0,0x00000000a7500000)
 Metaspace       used 57720K, capacity 59674K, committed 59992K, reserved 1101824K
  class space    used 7813K, capacity 8266K, committed 8320K, reserved 1048576K
GC Heap History (10 events):
Event: 157.004 GC heap before
{Heap before GC invocations=10 (full 2):
 PSYoungGen      total 133120K, used 10235K [0x00000000e0000000, 0x00000000e9000000, 0x0000000100000000)
  eden space 122880K, 0% used [0x00000000e0000000,0x00000000e0000000,0x00000000e7800000)
  from space 10240K, 99% used [0x00000000e8380000,0x00000000e8d7ec88,0x00000000e8d80000)
  to   space 11776K, 0% used [0x00000000e7800000,0x00000000e7800000,0x00000000e8380000)
 ParOldGen       total 48128K, used 8729K [0x00000000a0000000, 0x00000000a2f00000, 0x00000000e0000000)
  object space 48128K, 18% used [0x00000000a0000000,0x00000000a0886630,0x00000000a2f00000)
 Metaspace       used 34543K, capacity 35224K, committed 35416K, reserved 1079296K
  class space    used 4764K, capacity 4984K, committed 4992K, reserved 1048576K
Event: 157.118 GC heap after
Heap after GC invocations=10 (full 2):
 PSYoungGen      total 133120K, used 0K [0x00000000e0000000, 0x00000000e9000000, 0x0000000100000000)
  eden space 122880K, 0% used [0x00000000e0000000,0x00000000e0000000,0x00000000e7800000)
  from space 10240K, 0% used [0x00000000e8380000,0x00000000e8380000,0x00000000e8d80000)
  to   space 11776K, 0% used [0x00000000e7800000,0x00000000e7800000,0x00000000e8380000)
 ParOldGen       total 75264K, used 17108K [0x00000000a0000000, 0x00000000a4980000, 0x00000000e0000000)
  object space 75264K, 22% used [0x00000000a0000000,0x00000000a10b50e0,0x00000000a4980000)
 Metaspace       used 34543K, capacity 35224K, committed 35416K, reserved 1079296K
  class space    used 4764K, capacity 4984K, committed 4992K, reserved 1048576K
}
Event: 159.577 GC heap before
{Heap before GC invocations=11 (full 2):
 PSYoungGen      total 133120K, used 122880K [0x00000000e0000000, 0x00000000e9000000, 0x0000000100000000)
  eden space 122880K, 100% used [0x00000000e0000000,0x00000000e7800000,0x00000000e7800000)
  from space 10240K, 0% used [0x00000000e8380000,0x00000000e8380000,0x00000000e8d80000)
  to   space 11776K, 0% used [0x00000000e7800000,0x00000000e7800000,0x00000000e8380000)
 ParOldGen       total 75264K, used 17108K [0x00000000a0000000, 0x00000000a4980000, 0x00000000e0000000)
  object space 75264K, 22% used [0x00000000a0000000,0x00000000a10b50e0,0x00000000a4980000)
 Metaspace       used 42640K, capacity 43578K, committed 43864K, reserved 1087488K
  class space    used 5856K, capacity 6152K, committed 6272K, reserved 1048576K
Event: 159.611 GC heap after
Heap after GC invocations=11 (full 2):
 PSYoungGen      total 134656K, used 11774K [0x00000000e0000000, 0x00000000eb880000, 0x0000000100000000)
  eden space 122880K, 0% used [0x00000000e0000000,0x00000000e0000000,0x00000000e7800000)
  from space 11776K, 99% used [0x00000000e7800000,0x00000000e837f958,0x00000000e8380000)
  to   space 13824K, 0% used [0x00000000eab00000,0x00000000eab00000,0x00000000eb880000)
 ParOldGen       total 75264K, used 18828K [0x00000000a0000000, 0x00000000a4980000, 0x00000000e0000000)
  object space 75264K, 25% used [0x00000000a0000000,0x00000000a1263308,0x00000000a4980000)
 Metaspace       used 42640K, capacity 43578K, committed 43864K, reserved 1087488K
  class space    used 5856K, capacity 6152K, committed 6272K, reserved 1048576K
}
Event: 163.993 GC heap before
{Heap before GC invocations=12 (full 2):
 PSYoungGen      total 134656K, used 134654K [0x00000000e0000000, 0x00000000eb880000, 0x0000000100000000)
  eden space 122880K, 100% used [0x00000000e0000000,0x00000000e7800000,0x00000000e7800000)
  from space 11776K, 99% used [0x00000000e7800000,0x00000000e837f958,0x00000000e8380000)
  to   space 13824K, 0% used [0x00000000eab00000,0x00000000eab00000,0x00000000eb880000)
 ParOldGen       total 75264K, used 18828K [0x00000000a0000000, 0x00000000a4980000, 0x00000000e0000000)
  object space 75264K, 25% used [0x00000000a0000000,0x00000000a1263308,0x00000000a4980000)
 Metaspace       used 53740K, capacity 55432K, committed 55640K, reserved 1097728K
  class space    used 7367K, capacity 7765K, committed 7808K, reserved 1048576K
Event: 164.046 GC heap after
Heap after GC invocations=12 (full 2):
 PSYoungGen      total 171008K, used 13805K [0x00000000e0000000, 0x00000000ec100000, 0x0000000100000000)
  eden space 157184K, 0% used [0x00000000e0000000,0x00000000e0000000,0x00000000e9980000)
  from space 13824K, 99% used [0x00000000eab00000,0x00000000eb87b530,0x00000000eb880000)
  to   space 17920K, 0% used [0x00000000e9980000,0x00000000e9980000,0x00000000eab00000)
 ParOldGen       total 75264K, used 25084K [0x00000000a0000000, 0x00000000a4980000, 0x00000000e0000000)
  object space 75264K, 33% used [0x00000000a0000000,0x00000000a187f008,0x00000000a4980000)
 Metaspace       used 53740K, capacity 55432K, committed 55640K, reserved 1097728K
  class space    used 7367K, capacity 7765K, committed 7808K, reserved 1048576K
}
Event: 168.556 GC heap before
{Heap before GC invocations=13 (full 2):
 PSYoungGen      total 171008K, used 103372K [0x00000000e0000000, 0x00000000ec100000, 0x0000000100000000)
  eden space 157184K, 56% used [0x00000000e0000000,0x00000000e5777be0,0x00000000e9980000)
  from space 13824K, 99% used [0x00000000eab00000,0x00000000eb87b530,0x00000000eb880000)
  to   space 17920K, 0% used [0x00000000e9980000,0x00000000e9980000,0x00000000eab00000)
 ParOldGen       total 75264K, used 25084K [0x00000000a0000000, 0x00000000a4980000, 0x00000000e0000000)
  object space 75264K, 33% used [0x00000000a0000000,0x00000000a187f008,0x00000000a4980000)
 Metaspace       used 57081K, capacity 58986K, committed 59028K, reserved 1099776K
  class space    used 7755K, capacity 8166K, committed 8192K, reserved 1048576K
Event: 168.596 GC heap after
Heap after GC invocations=13 (full 2):
 PSYoungGen      total 175104K, used 9247K [0x00000000e0000000, 0x00000000eeb00000, 0x0000000100000000)
  eden space 157184K, 0% used [0x00000000e0000000,0x00000000e0000000,0x00000000e9980000)
  from space 17920K, 51% used [0x00000000e9980000,0x00000000ea287d58,0x00000000eab00000)
  to   space 17408K, 0% used [0x00000000eda00000,0x00000000eda00000,0x00000000eeb00000)
 ParOldGen       total 75264K, used 38712K [0x00000000a0000000, 0x00000000a4980000, 0x00000000e0000000)
  object space 75264K, 51% used [0x00000000a0000000,0x00000000a25ce100,0x00000000a4980000)
 Metaspace       used 57081K, capacity 58986K, committed 59028K, reserved 1099776K
  class space    used 7755K, capacity 8166K, committed 8192K, reserved 1048576K
}
Event: 168.597 GC heap before
{Heap before GC invocations=14 (full 3):
 PSYoungGen      total 175104K, used 9247K [0x00000000e0000000, 0x00000000eeb00000, 0x0000000100000000)
  eden space 157184K, 0% used [0x00000000e0000000,0x00000000e0000000,0x00000000e9980000)
  from space 17920K, 51% used [0x00000000e9980000,0x00000000ea287d58,0x00000000eab00000)
  to   space 17408K, 0% used [0x00000000eda00000,0x00000000eda00000,0x00000000eeb00000)
 ParOldGen       total 75264K, used 38712K [0x00000000a0000000, 0x00000000a4980000, 0x00000000e0000000)
  object space 75264K, 51% used [0x00000000a0000000,0x00000000a25ce100,0x00000000a4980000)
 Metaspace       used 57081K, capacity 58986K, committed 59028K, reserved 1099776K
  class space    used 7755K, capacity 8166K, committed 8192K, reserved 1048576K
Event: 168.930 GC heap after
Heap after GC invocations=14 (full 3):
 PSYoungGen      total 175104K, used 0K [0x00000000e0000000, 0x00000000eeb00000, 0x0000000100000000)
  eden space 157184K, 0% used [0x00000000e0000000,0x00000000e0000000,0x00000000e9980000)
  from space 17920K, 0% used [0x00000000e9980000,0x00000000e9980000,0x00000000eab00000)
  to   space 17408K, 0% used [0x00000000eda00000,0x00000000eda00000,0x00000000eeb00000)
 ParOldGen       total 119808K, used 35908K [0x00000000a0000000, 0x00000000a7500000, 0x00000000e0000000)
  object space 119808K, 29% used [0x00000000a0000000,0x00000000a23112d0,0x00000000a7500000)
 Metaspace       used 57070K, capacity 58956K, committed 59028K, reserved 1099776K
  class space    used 7751K, capacity 8159K, committed 8192K, reserved 1048576K
}

