# JRE version: OpenJDK Runtime Environment (8.0_152-b02) (build 1.8.0_152-release-1024-b02)
# Java VM: OpenJDK 64-Bit Server VM (25.152-b02 mixed mode windows-amd64 compressed oops)
Heap:
 PSYoungGen      total 178176K, used 78432K [0x00000000e0000000, 0x00000000edd00000, 0x0000000100000000)
  eden space 165376K, 39% used [0x00000000e0000000,0x00000000e401c948,0x00000000ea180000)
  from space 12800K, 99% used [0x00000000eb000000,0x00000000ebc7b7d0,0x00000000ebc80000)
  to   space 14848K, 0% used [0x00000000ea180000,0x00000000ea180000,0x00000000eb000000)
 ParOldGen       total 90624K, used 20477K [0x00000000a0000000, 0x00000000a5880000, 0x00000000e0000000)
  object space 90624K, 22% used [0x00000000a0000000,0x00000000a13ff538,0x00000000a5880000)
 Metaspace       used 50091K, capacity 51572K, committed 51840K, reserved 1093632K
  class space    used 6855K, capacity 7205K, committed 7296K, reserved 1048576K
GC Heap History (10 events):
Event: 6.835 GC heap before
{Heap before GC invocations=6 (full 1):
 PSYoungGen      total 71680K, used 5088K [0x00000000e0000000, 0x00000000e9500000, 0x0000000100000000)
  eden space 66560K, 0% used [0x00000000e0000000,0x00000000e0000000,0x00000000e4100000)
  from space 5120K, 99% used [0x00000000e4100000,0x00000000e45f8030,0x00000000e4600000)
  to   space 9728K, 0% used [0x00000000e8b80000,0x00000000e8b80000,0x00000000e9500000)
 ParOldGen       total 87552K, used 8106K [0x00000000a0000000, 0x00000000a5580000, 0x00000000e0000000)
  object space 87552K, 9% used [0x00000000a0000000,0x00000000a07ea948,0x00000000a5580000)
 Metaspace       used 20817K, capacity 21204K, committed 21248K, reserved 1067008K
  class space    used 2902K, capacity 3042K, committed 3072K, reserved 1048576K
Event: 6.931 GC heap after
Heap after GC invocations=6 (full 1):
 PSYoungGen      total 71680K, used 0K [0x00000000e0000000, 0x00000000e9500000, 0x0000000100000000)
  eden space 66560K, 0% used [0x00000000e0000000,0x00000000e0000000,0x00000000e4100000)
  from space 5120K, 0% used [0x00000000e4100000,0x00000000e4100000,0x00000000e4600000)
  to   space 9728K, 0% used [0x00000000e8b80000,0x00000000e8b80000,0x00000000e9500000)
 ParOldGen       total 57344K, used 7861K [0x00000000a0000000, 0x00000000a3800000, 0x00000000e0000000)
  object space 57344K, 13% used [0x00000000a0000000,0x00000000a07ad618,0x00000000a3800000)
 Metaspace       used 20817K, capacity 21204K, committed 21248K, reserved 1067008K
  class space    used 2902K, capacity 3042K, committed 3072K, reserved 1048576K
}
Event: 9.207 GC heap before
{Heap before GC invocations=7 (full 1):
 PSYoungGen      total 71680K, used 66560K [0x00000000e0000000, 0x00000000e9500000, 0x0000000100000000)
  eden space 66560K, 100% used [0x00000000e0000000,0x00000000e4100000,0x00000000e4100000)
  from space 5120K, 0% used [0x00000000e4100000,0x00000000e4100000,0x00000000e4600000)
  to   space 9728K, 0% used [0x00000000e8b80000,0x00000000e8b80000,0x00000000e9500000)
 ParOldGen       total 57344K, used 7861K [0x00000000a0000000, 0x00000000a3800000, 0x00000000e0000000)
  object space 57344K, 13% used [0x00000000a0000000,0x00000000a07ad618,0x00000000a3800000)
 Metaspace       used 26628K, capacity 27124K, committed 27136K, reserved 1073152K
  class space    used 3671K, capacity 3833K, committed 3840K, reserved 1048576K
Event: 9.225 GC heap after
Heap after GC invocations=7 (full 1):
 PSYoungGen      total 114688K, used 7303K [0x00000000e0000000, 0x00000000e9300000, 0x0000000100000000)
  eden space 107008K, 0% used [0x00000000e0000000,0x00000000e0000000,0x00000000e6880000)
  from space 7680K, 95% used [0x00000000e8b80000,0x00000000e92a1e40,0x00000000e9300000)
  to   space 9728K, 0% used [0x00000000e8000000,0x00000000e8000000,0x00000000e8980000)
 ParOldGen       total 57344K, used 7869K [0x00000000a0000000, 0x00000000a3800000, 0x00000000e0000000)
  object space 57344K, 13% used [0x00000000a0000000,0x00000000a07af618,0x00000000a3800000)
 Metaspace       used 26628K, capacity 27124K, committed 27136K, reserved 1073152K
  class space    used 3671K, capacity 3833K, committed 3840K, reserved 1048576K
}
Event: 14.804 GC heap before
{Heap before GC invocations=8 (full 1):
 PSYoungGen      total 114688K, used 96722K [0x00000000e0000000, 0x00000000e9300000, 0x0000000100000000)
  eden space 107008K, 83% used [0x00000000e0000000,0x00000000e5752a50,0x00000000e6880000)
  from space 7680K, 95% used [0x00000000e8b80000,0x00000000e92a1e40,0x00000000e9300000)
  to   space 9728K, 0% used [0x00000000e8000000,0x00000000e8000000,0x00000000e8980000)
 ParOldGen       total 57344K, used 7869K [0x00000000a0000000, 0x00000000a3800000, 0x00000000e0000000)
  object space 57344K, 13% used [0x00000000a0000000,0x00000000a07af618,0x00000000a3800000)
 Metaspace       used 34739K, capacity 35328K, committed 35416K, reserved 1079296K
  class space    used 4790K, capacity 4976K, committed 4992K, reserved 1048576K
Event: 14.854 GC heap after
Heap after GC invocations=8 (full 1):
 PSYoungGen      total 140800K, used 9724K [0x00000000e0000000, 0x00000000ebc80000, 0x0000000100000000)
  eden space 131072K, 0% used [0x00000000e0000000,0x00000000e0000000,0x00000000e8000000)
  from space 9728K, 99% used [0x00000000e8000000,0x00000000e897f3f8,0x00000000e8980000)
  to   space 12800K, 0% used [0x00000000eb000000,0x00000000eb000000,0x00000000ebc80000)
 ParOldGen       total 57344K, used 10969K [0x00000000a0000000, 0x00000000a3800000, 0x00000000e0000000)
  object space 57344K, 19% used [0x00000000a0000000,0x00000000a0ab65d0,0x00000000a3800000)
 Metaspace       used 34739K, capacity 35328K, committed 35416K, reserved 1079296K
  class space    used 4790K, capacity 4976K, committed 4992K, reserved 1048576K
}
Event: 14.854 GC heap before
{Heap before GC invocations=9 (full 2):
 PSYoungGen      total 140800K, used 9724K [0x00000000e0000000, 0x00000000ebc80000, 0x0000000100000000)
  eden space 131072K, 0% used [0x00000000e0000000,0x00000000e0000000,0x00000000e8000000)
  from space 9728K, 99% used [0x00000000e8000000,0x00000000e897f3f8,0x00000000e8980000)
  to   space 12800K, 0% used [0x00000000eb000000,0x00000000eb000000,0x00000000ebc80000)
 ParOldGen       total 57344K, used 10969K [0x00000000a0000000, 0x00000000a3800000, 0x00000000e0000000)
  object space 57344K, 19% used [0x00000000a0000000,0x00000000a0ab65d0,0x00000000a3800000)
 Metaspace       used 34739K, capacity 35328K, committed 35416K, reserved 1079296K
  class space    used 4790K, capacity 4976K, committed 4992K, reserved 1048576K
Event: 14.998 GC heap after
Heap after GC invocations=9 (full 2):
 PSYoungGen      total 140800K, used 0K [0x00000000e0000000, 0x00000000ebc80000, 0x0000000100000000)
  eden space 131072K, 0% used [0x00000000e0000000,0x00000000e0000000,0x00000000e8000000)
  from space 9728K, 0% used [0x00000000e8000000,0x00000000e8000000,0x00000000e8980000)
  to   space 12800K, 0% used [0x00000000eb000000,0x00000000eb000000,0x00000000ebc80000)
 ParOldGen       total 90624K, used 19090K [0x00000000a0000000, 0x00000000a5880000, 0x00000000e0000000)
  object space 90624K, 21% used [0x00000000a0000000,0x00000000a12a49e0,0x00000000a5880000)
 Metaspace       used 34739K, capacity 35328K, committed 35416K, reserved 1079296K
  class space    used 4790K, capacity 4976K, committed 4992K, reserved 1048576K
}
Event: 18.931 GC heap before
{Heap before GC invocations=10 (full 2):
 PSYoungGen      total 140800K, used 131072K [0x00000000e0000000, 0x00000000ebc80000, 0x0000000100000000)
  eden space 131072K, 100% used [0x00000000e0000000,0x00000000e8000000,0x00000000e8000000)
  from space 9728K, 0% used [0x00000000e8000000,0x00000000e8000000,0x00000000e8980000)
  to   space 12800K, 0% used [0x00000000eb000000,0x00000000eb000000,0x00000000ebc80000)
 ParOldGen       total 90624K, used 19090K [0x00000000a0000000, 0x00000000a5880000, 0x00000000e0000000)
  object space 90624K, 21% used [0x00000000a0000000,0x00000000a12a49e0,0x00000000a5880000)
 Metaspace       used 43126K, capacity 44010K, committed 44160K, reserved 1087488K
  class space    used 5950K, capacity 6214K, committed 6272K, reserved 1048576K
Event: 18.972 GC heap after
Heap after GC invocations=10 (full 2):
 PSYoungGen      total 178176K, used 12781K [0x00000000e0000000, 0x00000000edd00000, 0x0000000100000000)
  eden space 165376K, 0% used [0x00000000e0000000,0x00000000e0000000,0x00000000ea180000)
  from space 12800K, 99% used [0x00000000eb000000,0x00000000ebc7b7d0,0x00000000ebc80000)
  to   space 14848K, 0% used [0x00000000ea180000,0x00000000ea180000,0x00000000eb000000)
 ParOldGen       total 90624K, used 20477K [0x00000000a0000000, 0x00000000a5880000, 0x00000000e0000000)
  object space 90624K, 22% used [0x00000000a0000000,0x00000000a13ff538,0x00000000a5880000)
 Metaspace       used 43126K, capacity 44010K, committed 44160K, reserved 1087488K
  class space    used 5950K, capacity 6214K, committed 6272K, reserved 1048576K
}

